              2017-04-12 04:45:00SMP9_EPG2017-04-12 04:45:00RADIUSACC_GGSN2017-04-12 04:45:00RADIUS_GGSN2017-04-12 04:45:002017-04-12 04:45:00DROPDOWN_GGSNDROPDOWN_EPG2017-04-12 04:45:002017-04-12 04:45:002017-04-12 04:45:00Success ; 12/04/2017 05:00:01
RADIUS_EPG2017-04-12 04:45:00SMP9_GGSNSMP8_GGSNRADIUSACC_EPG2017-04-12 04:45:00SMP8_EPG2017-04-12 04:45:00DROPUP_EPGSuccess ; 12/04/2017 05:00:01
2017-04-12 04:45:002017-04-12 04:45:00DROPUP_GGSNSuccess ; 12/04/2017 05:00:01
CONNECTIONS_EPGSuccess ; 12/04/2017 05:00:01
Success ; 12/04/2017 05:00:01
Success ; 12/04/2017 05:00:01
Success ; 12/04/2017 05:00:01
Success ; 12/04/2017 05:00:01
Success ; 12/04/2017 05:00:01
2017-04-12 04:45:00CONNECTIONS_GGSNSuccess ; 12/04/2017 05:00:01
Success ; 12/04/2017 05:00:01
Success ; 12/04/2017 05:00:01
Success ; 12/04/2017 05:00:01
Success ; 12/04/2017 05:00:01
              2017-04-13 04:45:00DROPUP_GGSNSuccess ; 13/04/2017 05:00:01
2017-04-13 04:45:00DROPDOWN_GGSN2017-04-13 04:45:00SMP9_EPG2017-04-13 04:45:00RADIUS_EPG2017-04-13 04:45:00CONNECTIONS_GGSNSuccess ; 13/04/2017 05:00:01
Success ; 13/04/2017 05:00:01
2017-04-13 04:45:002017-04-13 04:45:00DROPDOWN_EPGRADIUSACC_GGSNSuccess ; 13/04/2017 05:00:01
2017-04-13 04:45:00RADIUS_GGSN2017-04-13 04:45:00RADIUSACC_EPG2017-04-13 04:45:002017-04-13 04:45:00SMP9_GGSNCONNECTIONS_EPG2017-04-13 04:45:00SMP8_GGSNSuccess ; 13/04/2017 05:00:02
Success ; 13/04/2017 05:00:02
Success ; 13/04/2017 05:00:02
Success ; 13/04/2017 05:00:02
Success ; 13/04/2017 05:00:02
Success ; 13/04/2017 05:00:02
Success ; 13/04/2017 05:00:02
Success ; 13/04/2017 05:00:02
2017-04-13 04:45:00SMP8_EPG2017-04-13 04:45:00DROPUP_EPGSuccess ; 13/04/2017 05:00:04
Success ; 13/04/2017 05:00:04
              2017-04-14 04:45:00SMP9_EPG2017-04-14 04:45:00CONNECTIONS_GGSN2017-04-14 04:45:002017-04-14 04:45:002017-04-14 04:45:00SMP8_EPGRADIUSACC_GGSNDROPDOWN_GGSN2017-04-14 04:45:00RADIUSACC_EPG2017-04-14 04:45:00RADIUS_GGSN2017-04-14 04:45:002017-04-14 04:45:00SMP9_GGSNCONNECTIONS_EPG2017-04-14 04:45:00DROPDOWN_EPG2017-04-14 04:45:00SMP8_GGSN2017-04-14 04:45:00RADIUS_EPG2017-04-14 04:45:00DROPUP_EPGSuccess ; 14/04/2017 05:00:02
2017-04-14 04:45:00DROPUP_GGSNSuccess ; 14/04/2017 05:00:02
Success ; 14/04/2017 05:00:02
Success ; 14/04/2017 05:00:02
Success ; 14/04/2017 05:00:02
Success ; 14/04/2017 05:00:02
Success ; 14/04/2017 05:00:02
Success ; 14/04/2017 05:00:02
Success ; 14/04/2017 05:00:02
Success ; 14/04/2017 05:00:02
Success ; 14/04/2017 05:00:02
Success ; 14/04/2017 05:00:02
Success ; 14/04/2017 05:00:02
Success ; 14/04/2017 05:00:02
              2017-04-14 07:30:00SMP9_GGSN2017-04-14 07:30:00DROPUP_GGSN2017-04-14 07:30:002017-04-14 07:30:00DROPDOWN_EPGRADIUS_GGSN2017-04-14 07:30:002017-04-14 07:30:002017-04-14 07:30:00RADIUSACC_EPGSMP8_GGSNCONNECTIONS_EPG2017-04-14 07:30:00RADIUSACC_GGSN2017-04-14 07:30:00SMP9_EPGSuccess ; 15/04/2017 05:00:01
Success ; 15/04/2017 05:00:01
2017-04-14 07:30:00RADIUS_EPGSuccess ; 15/04/2017 05:00:01
2017-04-14 07:30:00DROPUP_EPGSuccess ; 15/04/2017 05:00:01
Success ; 15/04/2017 05:00:01
Success ; 15/04/2017 05:00:01
Success ; 15/04/2017 05:00:01
Success ; 15/04/2017 05:00:01
Success ; 15/04/2017 05:00:01
Success ; 15/04/2017 05:00:01
Success ; 15/04/2017 05:00:01
2017-04-14 07:30:002017-04-14 07:30:00CONNECTIONS_GGSNDROPDOWN_GGSN2017-04-14 07:30:00SMP8_EPGSuccess ; 15/04/2017 05:00:04
Success ; 15/04/2017 05:00:04
Success ; 15/04/2017 05:00:04
              2017-04-14 07:30:00CONNECTIONS_EPG2017-04-14 07:30:00RADIUS_EPG2017-04-14 07:30:00DROPDOWN_GGSN2017-04-14 07:30:002017-04-14 07:30:002017-04-14 07:30:00RADIUS_GGSN2017-04-14 07:30:00SMP8_EPGRADIUSACC_GGSNDROPUP_GGSN2017-04-14 07:30:00SMP9_EPG2017-04-14 07:30:00Success ; 16/04/2017 05:00:01
SMP9_GGSNSuccess ; 16/04/2017 05:00:01
Success ; 16/04/2017 05:00:01
2017-04-14 07:30:002017-04-14 07:30:00Success ; 16/04/2017 05:00:01
2017-04-14 07:30:002017-04-14 07:30:00SMP8_GGSNRADIUSACC_EPGDROPUP_EPGDROPDOWN_EPG2017-04-14 07:30:00CONNECTIONS_GGSNSuccess ; 16/04/2017 05:00:01
Success ; 16/04/2017 05:00:01
Success ; 16/04/2017 05:00:01
Success ; 16/04/2017 05:00:01
Success ; 16/04/2017 05:00:01
Success ; 16/04/2017 05:00:01
Success ; 16/04/2017 05:00:01
Success ; 16/04/2017 05:00:01
Success ; 16/04/2017 05:00:01
Success ; 16/04/2017 05:00:01
              2017-04-14 07:30:00RADIUSACC_GGSN2017-04-14 07:30:00SMP8_GGSN2017-04-14 07:30:00CONNECTIONS_GGSNSuccess ; 17/04/2017 05:00:01
Success ; 17/04/2017 05:00:01
2017-04-14 07:30:002017-04-14 07:30:00CONNECTIONS_EPGRADIUS_GGSN2017-04-14 07:30:00SMP9_EPGSuccess ; 17/04/2017 05:00:01
2017-04-14 07:30:00DROPUP_EPGSuccess ; 17/04/2017 05:00:01
2017-04-14 07:30:00DROPUP_GGSNSuccess ; 17/04/2017 05:00:01
2017-04-14 07:30:002017-04-14 07:30:002017-04-14 07:30:00RADIUS_EPG2017-04-14 07:30:00SMP9_GGSNDROPDOWN_EPGDROPDOWN_GGSN2017-04-14 07:30:00RADIUSACC_EPGSuccess ; 17/04/2017 05:00:01
2017-04-14 07:30:00SMP8_EPGSuccess ; 17/04/2017 05:00:01
Success ; 17/04/2017 05:00:01
Success ; 17/04/2017 05:00:01
Success ; 17/04/2017 05:00:01
Success ; 17/04/2017 05:00:01
Success ; 17/04/2017 05:00:01
Success ; 17/04/2017 05:00:01
Success ; 17/04/2017 05:00:01
              2017-04-17 20:15:00SMP8_GGSN2017-04-17 20:15:00RADIUSACC_EPG2017-04-17 20:15:00SMP9_EPG2017-04-17 20:15:00SMP9_GGSN2017-04-17 20:15:002017-04-17 20:15:00CONNECTIONS_GGSNRADIUS_GGSN2017-04-17 20:15:002017-04-17 20:15:00DROPDOWN_EPGDROPUP_GGSNSuccess ; 18/04/2017 05:00:01
2017-04-17 20:15:00RADIUSACC_GGSNSuccess ; 18/04/2017 05:00:01
2017-04-17 20:15:00DROPDOWN_GGSN2017-04-17 20:15:00RADIUS_EPG2017-04-17 20:15:00DROPUP_EPGSuccess ; 18/04/2017 05:00:01
Success ; 18/04/2017 05:00:01
2017-04-17 20:15:00SMP8_EPGSuccess ; 18/04/2017 05:00:01
Success ; 18/04/2017 05:00:01
Success ; 18/04/2017 05:00:01
Success ; 18/04/2017 05:00:01
2017-04-17 20:15:00CONNECTIONS_EPGSuccess ; 18/04/2017 05:00:01
Success ; 18/04/2017 05:00:01
Success ; 18/04/2017 05:00:01
Success ; 18/04/2017 05:00:01
Success ; 18/04/2017 05:00:01
Success ; 18/04/2017 05:00:01
              2017-04-19 04:45:002017-04-19 04:45:00SMP8_GGSNSMP9_EPG2017-04-19 04:45:002017-04-19 04:45:00DROPUP_EPGDROPDOWN_GGSN2017-04-19 04:45:00RADIUSACC_EPG2017-04-19 04:45:00SMP8_EPG2017-04-19 04:45:002017-04-19 04:45:00DROPUP_GGSNRADIUS_GGSN2017-04-19 04:45:00CONNECTIONS_EPG2017-04-19 04:45:00RADIUSACC_GGSN2017-04-19 04:45:00RADIUS_EPGSuccess ; 19/04/2017 05:00:01
2017-04-19 04:45:00Success ; 19/04/2017 05:00:01
SMP9_GGSNSuccess ; 19/04/2017 05:00:01
Success ; 19/04/2017 05:00:01
Success ; 19/04/2017 05:00:01
2017-04-19 04:45:00DROPDOWN_EPGSuccess ; 19/04/2017 05:00:01
Success ; 19/04/2017 05:00:01
Success ; 19/04/2017 05:00:01
Success ; 19/04/2017 05:00:01
Success ; 19/04/2017 05:00:01
Success ; 19/04/2017 05:00:01
Success ; 19/04/2017 05:00:01
Success ; 19/04/2017 05:00:01
2017-04-19 04:45:00CONNECTIONS_GGSNSuccess ; 19/04/2017 05:00:04
              2017-04-20 04:45:002017-04-20 04:45:00DROPDOWN_EPGSMP8_EPG2017-04-20 04:45:00DROPUP_GGSN2017-04-20 04:45:00DROPUP_EPG2017-04-20 04:45:00RADIUS_GGSN2017-04-20 04:45:00Success ; 20/04/2017 05:00:02
CONNECTIONS_EPGSuccess ; 20/04/2017 05:00:02
2017-04-20 04:45:00CONNECTIONS_GGSNSuccess ; 20/04/2017 05:00:02
2017-04-20 04:45:00RADIUS_EPGSuccess ; 20/04/2017 05:00:02
2017-04-20 04:45:002017-04-20 04:45:00Success ; 20/04/2017 05:00:02
SMP9_GGSNSMP9_EPG2017-04-20 04:45:00SMP8_GGSN2017-04-20 04:45:00RADIUSACC_GGSN2017-04-20 04:45:00RADIUSACC_EPGSuccess ; 20/04/2017 05:00:02
2017-04-20 04:45:00DROPDOWN_GGSNSuccess ; 20/04/2017 05:00:02
Success ; 20/04/2017 05:00:02
Success ; 20/04/2017 05:00:02
Success ; 20/04/2017 05:00:02
Success ; 20/04/2017 05:00:02
Success ; 20/04/2017 05:00:02
Success ; 20/04/2017 05:00:02
Success ; 20/04/2017 05:00:02
              2017-04-21 04:45:00SMP9_EPG2017-04-21 04:45:00RADIUSACC_GGSN2017-04-21 04:45:00DROPDOWN_GGSN2017-04-21 04:45:00SMP9_GGSN2017-04-21 04:45:00SMP8_GGSN2017-04-21 04:45:00DROPUP_EPG2017-04-21 04:45:00DROPUP_GGSN2017-04-21 04:45:00SMP8_EPG2017-04-21 04:45:00CONNECTIONS_EPG2017-04-21 04:45:00RADIUS_EPG2017-04-21 04:45:00RADIUS_GGSN2017-04-21 04:45:00CONNECTIONS_GGSN2017-04-21 04:45:00RADIUSACC_EPGSuccess ; 21/04/2017 05:00:01
Success ; 21/04/2017 05:00:01
Success ; 21/04/2017 05:00:01
Success ; 21/04/2017 05:00:01
Success ; 21/04/2017 05:00:01
Success ; 21/04/2017 05:00:01
Success ; 21/04/2017 05:00:01
Success ; 21/04/2017 05:00:01
Success ; 21/04/2017 05:00:01
Success ; 21/04/2017 05:00:01
Success ; 21/04/2017 05:00:01
Success ; 21/04/2017 05:00:01
Success ; 21/04/2017 05:00:01
2017-04-21 04:45:00DROPDOWN_EPGSuccess ; 21/04/2017 05:00:04
              2017-04-22 04:45:00DROPDOWN_GGSN2017-04-22 04:45:00SMP9_GGSN2017-04-22 04:45:00DROPDOWN_EPG2017-04-22 04:45:00CONNECTIONS_EPG2017-04-22 04:45:00RADIUSACC_GGSN2017-04-22 04:45:00CONNECTIONS_GGSN2017-04-22 04:45:00RADIUS_EPG2017-04-22 04:45:00SMP8_EPG2017-04-22 04:45:00SMP9_EPG2017-04-22 04:45:00DROPUP_GGSN2017-04-22 04:45:00Success ; 22/04/2017 05:00:01
RADIUSACC_EPG2017-04-22 04:45:00DROPUP_EPGSuccess ; 22/04/2017 05:00:01
Success ; 22/04/2017 05:00:01
Success ; 22/04/2017 05:00:01
Success ; 22/04/2017 05:00:01
Success ; 22/04/2017 05:00:01
Success ; 22/04/2017 05:00:01
Success ; 22/04/2017 05:00:01
Success ; 22/04/2017 05:00:01
Success ; 22/04/2017 05:00:01
Success ; 22/04/2017 05:00:01
Success ; 22/04/2017 05:00:01
2017-04-22 04:45:00SMP8_GGSN2017-04-22 04:45:00RADIUS_GGSNSuccess ; 22/04/2017 05:00:04
Success ; 22/04/2017 05:00:04
              2017-04-23 04:45:00SMP8_GGSN2017-04-23 04:45:00SMP9_GGSN2017-04-23 04:45:00RADIUSACC_EPG2017-04-23 04:45:00DROPDOWN_GGSN2017-04-23 04:45:00CONNECTIONS_GGSN2017-04-23 04:45:00SMP9_EPG2017-04-23 04:45:00RADIUS_EPG2017-04-23 04:45:00SMP8_EPG2017-04-23 04:45:00DROPDOWN_EPG2017-04-23 04:45:00RADIUS_GGSN2017-04-23 04:45:00RADIUSACC_GGSNSuccess ; 23/04/2017 05:00:02
2017-04-23 04:45:00Success ; 23/04/2017 05:00:02
DROPUP_EPGSuccess ; 23/04/2017 05:00:02
2017-04-23 04:45:00DROPUP_GGSN2017-04-23 04:45:00CONNECTIONS_EPGSuccess ; 23/04/2017 05:00:02
Success ; 23/04/2017 05:00:02
Success ; 23/04/2017 05:00:02
Success ; 23/04/2017 05:00:02
Success ; 23/04/2017 05:00:02
Success ; 23/04/2017 05:00:02Success ; 23/04/2017 05:00:02

Success ; 23/04/2017 05:00:02
Success ; 23/04/2017 05:00:02
Success ; 23/04/2017 05:00:02
Success ; 23/04/2017 05:00:02
              2017-04-24 04:45:00RADIUS_EPG2017-04-24 04:45:00SMP8_GGSN2017-04-24 04:45:00SMP9_GGSN2017-04-24 04:45:002017-04-24 04:45:00DROPUP_GGSNSMP8_EPG2017-04-24 04:45:00RADIUS_GGSN2017-04-24 04:45:00CONNECTIONS_GGSN2017-04-24 04:45:00CONNECTIONS_EPGSuccess ; 24/04/2017 05:00:02
Success ; 24/04/2017 05:00:02
2017-04-24 04:45:00DROPUP_EPG2017-04-24 04:45:00SMP9_EPG2017-04-24 04:45:00DROPDOWN_EPG2017-04-24 04:45:00DROPDOWN_GGSNSuccess ; 24/04/2017 05:00:02
2017-04-24 04:45:00RADIUSACC_GGSNSuccess ; 24/04/2017 05:00:02
Success ; 24/04/2017 05:00:02
2017-04-24 04:45:00RADIUSACC_EPGSuccess ; 24/04/2017 05:00:02
Success ; 24/04/2017 05:00:02
Success ; 24/04/2017 05:00:02
Success ; 24/04/2017 05:00:02
Success ; 24/04/2017 05:00:02
Success ; 24/04/2017 05:00:02
Success ; 24/04/2017 05:00:02
Success ; 24/04/2017 05:00:02
Success ; 24/04/2017 05:00:02
              2017-04-25 04:45:00CONNECTIONS_EPG2017-04-25 04:45:00DROPUP_GGSN2017-04-25 04:45:00SMP8_EPG2017-04-25 04:45:00SMP8_GGSN2017-04-25 04:45:002017-04-25 04:45:00RADIUS_EPGDROPUP_EPG2017-04-25 04:45:002017-04-25 04:45:00RADIUS_GGSNDROPDOWN_EPG2017-04-25 04:45:00SMP9_GGSN2017-04-25 04:45:00SMP9_EPG2017-04-25 04:45:00RADIUSACC_GGSN2017-04-25 04:45:00DROPDOWN_GGSNSuccess ; 25/04/2017 05:00:01
Success ; 25/04/2017 05:00:01
Success ; 25/04/2017 05:00:01
Success ; 25/04/2017 05:00:01
Success ; 25/04/2017 05:00:01
Success ; 25/04/2017 05:00:01
Success ; 25/04/2017 05:00:01
Success ; 25/04/2017 05:00:01
Success ; 25/04/2017 05:00:01
Success ; 25/04/2017 05:00:01
Success ; 25/04/2017 05:00:01
Success ; 25/04/2017 05:00:01
2017-04-25 04:45:00RADIUSACC_EPG2017-04-25 04:45:00CONNECTIONS_GGSNSuccess ; 25/04/2017 05:00:04
Success ; 25/04/2017 05:00:04
              2017-04-26 04:45:00DROPDOWN_GGSN2017-04-26 04:45:00RADIUSACC_EPG2017-04-26 04:45:00CONNECTIONS_EPG2017-04-26 04:45:00CONNECTIONS_GGSN2017-04-26 04:45:00DROPDOWN_EPG2017-04-26 04:45:00RADIUS_EPG2017-04-26 04:45:00RADIUSACC_GGSN2017-04-26 04:45:00SMP9_EPG2017-04-26 04:45:00RADIUS_GGSN2017-04-26 04:45:00SMP8_EPG2017-04-26 04:45:00DROPUP_EPG2017-04-26 04:45:00SMP9_GGSN2017-04-26 04:45:00SMP8_GGSNSuccess ; 26/04/2017 05:00:01
Success ; 26/04/2017 05:00:01
Success ; 26/04/2017 05:00:01
Success ; 26/04/2017 05:00:01
Success ; 26/04/2017 05:00:01
Success ; 26/04/2017 05:00:01
Success ; 26/04/2017 05:00:01
Success ; 26/04/2017 05:00:02
Success ; 26/04/2017 05:00:02
Success ; 26/04/2017 05:00:02
Success ; 26/04/2017 05:00:02
Success ; 26/04/2017 05:00:02
Success ; 26/04/2017 05:00:02
2017-04-26 04:45:00DROPUP_GGSNSuccess ; 26/04/2017 05:00:04
              2017-04-27 04:45:00SMP8_EPG2017-04-27 04:45:00RADIUS_EPG2017-04-27 04:45:002017-04-27 04:45:00DROPDOWN_GGSNSMP9_GGSN2017-04-27 04:45:00DROPUP_GGSN2017-04-27 04:45:002017-04-27 04:45:00RADIUSACC_GGSNSMP8_GGSN2017-04-27 04:45:00CONNECTIONS_GGSN2017-04-27 04:45:00RADIUS_GGSN2017-04-27 04:45:00DROPUP_EPG2017-04-27 04:45:00CONNECTIONS_EPGSuccess ; 27/04/2017 05:00:01
Success ; 27/04/2017 05:00:01
Success ; 27/04/2017 05:00:01
Success ; 27/04/2017 05:00:01
Success ; 27/04/2017 05:00:01
Success ; 27/04/2017 05:00:01
Success ; 27/04/2017 05:00:01
Success ; 27/04/2017 05:00:01
Success ; 27/04/2017 05:00:01
Success ; 27/04/2017 05:00:01
Success ; 27/04/2017 05:00:01
2017-04-27 04:45:00DROPDOWN_EPG2017-04-27 04:45:00RADIUSACC_EPG2017-04-27 04:45:00SMP9_EPGSuccess ; 27/04/2017 05:00:04
Success ; 27/04/2017 05:00:04
Success ; 27/04/2017 05:00:04
              2017-04-28 04:45:00DROPDOWN_EPG2017-04-28 04:45:002017-04-28 04:45:00SMP9_EPGDROPUP_GGSN2017-04-28 04:45:00DROPUP_EPG2017-04-28 04:45:00SMP9_GGSN2017-04-28 04:45:00DROPDOWN_GGSN2017-04-28 04:45:00RADIUSACC_EPG2017-04-28 04:45:00CONNECTIONS_EPG2017-04-28 04:45:00RADIUSACC_GGSN2017-04-28 04:45:00SMP8_EPG2017-04-28 04:45:002017-04-28 04:45:002017-04-28 04:45:002017-04-28 04:45:00RADIUS_EPGRADIUS_GGSNSMP8_GGSNCONNECTIONS_GGSNSuccess ; 28/04/2017 05:00:01
Success ; 28/04/2017 05:00:01
Success ; 28/04/2017 05:00:01
Success ; 28/04/2017 05:00:01
Success ; 28/04/2017 05:00:01
Success ; 28/04/2017 05:00:01
Success ; 28/04/2017 05:00:01
Success ; 28/04/2017 05:00:01
Success ; 28/04/2017 05:00:01
Success ; 28/04/2017 05:00:01
Success ; 28/04/2017 05:00:01
Success ; 28/04/2017 05:00:01
Success ; 28/04/2017 05:00:01
Success ; 28/04/2017 05:00:01
              2017-04-29 04:45:00DROPDOWN_EPG2017-04-29 04:45:002017-04-29 04:45:00SMP9_GGSNSMP9_EPG2017-04-29 04:45:00DROPUP_EPG2017-04-29 04:45:00RADIUSACC_EPG2017-04-29 04:45:00DROPDOWN_GGSN2017-04-29 04:45:00CONNECTIONS_GGSN2017-04-29 04:45:00DROPUP_GGSN2017-04-29 04:45:00SMP8_GGSN2017-04-29 04:45:00SMP8_EPG2017-04-29 04:45:00CONNECTIONS_EPG2017-04-29 04:45:00RADIUS_GGSN2017-04-29 04:45:00RADIUSACC_GGSNSuccess ; 29/04/2017 05:00:02
2017-04-29 04:45:00RADIUS_EPGSuccess ; 29/04/2017 05:00:02
Success ; 29/04/2017 05:00:02
Success ; 29/04/2017 05:00:02
Success ; 29/04/2017 05:00:02
Success ; 29/04/2017 05:00:02
Success ; 29/04/2017 05:00:02
Success ; 29/04/2017 05:00:02
Success ; 29/04/2017 05:00:02
Success ; 29/04/2017 05:00:02
Success ; 29/04/2017 05:00:02
Success ; 29/04/2017 05:00:02
Success ; 29/04/2017 05:00:02
Success ; 29/04/2017 05:00:02
              2017-04-30 04:45:002017-04-30 04:45:00RADIUSACC_EPGDROPDOWN_GGSN2017-04-30 04:45:00SMP9_GGSN2017-04-30 04:45:00SMP9_EPG2017-04-30 04:45:00DROPUP_EPG2017-04-30 04:45:00CONNECTIONS_GGSNSuccess ; 30/04/2017 05:00:01
Success ; 30/04/2017 05:00:01
2017-04-30 04:45:00CONNECTIONS_EPG2017-04-30 04:45:00SMP8_GGSNSuccess ; 30/04/2017 05:00:01
2017-04-30 04:45:00RADIUSACC_GGSNSuccess ; 30/04/2017 05:00:01
2017-04-30 04:45:00DROPUP_GGSNSuccess ; 30/04/2017 05:00:01
Success ; 30/04/2017 05:00:01
2017-04-30 04:45:002017-04-30 04:45:00SMP8_EPGRADIUS_GGSN2017-04-30 04:45:002017-04-30 04:45:00RADIUS_EPGDROPDOWN_EPGSuccess ; 30/04/2017 05:00:01
Success ; 30/04/2017 05:00:01
Success ; 30/04/2017 05:00:01
Success ; 30/04/2017 05:00:01
Success ; 30/04/2017 05:00:01
Success ; 30/04/2017 05:00:01
Success ; 30/04/2017 05:00:01
Success ; 30/04/2017 05:00:01
              2017-05-01 04:45:00SMP8_EPG2017-05-01 04:45:00SMP9_GGSN2017-05-01 04:45:00DROPDOWN_EPG2017-05-01 04:45:00CONNECTIONS_GGSN2017-05-01 04:45:00SMP8_GGSN2017-05-01 04:45:002017-05-01 04:45:00DROPDOWN_GGSNRADIUS_GGSN2017-05-01 04:45:00SMP9_EPG2017-05-01 04:45:00RADIUSACC_GGSN2017-05-01 04:45:00DROPUP_GGSN2017-05-01 04:45:00RADIUS_EPG2017-05-01 04:45:00RADIUSACC_EPG2017-05-01 04:45:00DROPUP_EPG2017-05-01 04:45:00CONNECTIONS_EPGSuccess ; 01/05/2017 05:00:01
Success ; 01/05/2017 05:00:01
Success ; 01/05/2017 05:00:01
Success ; 01/05/2017 05:00:01
Success ; 01/05/2017 05:00:01
Success ; 01/05/2017 05:00:02
Success ; 01/05/2017 05:00:02
Success ; 01/05/2017 05:00:02
Success ; 01/05/2017 05:00:02
Success ; 01/05/2017 05:00:02
Success ; 01/05/2017 05:00:02
Success ; 01/05/2017 05:00:02
Success ; 01/05/2017 05:00:02
Success ; 01/05/2017 05:00:02
              2017-05-02 04:45:00SMP9_GGSN2017-05-02 04:45:00SMP8_GGSN2017-05-02 04:45:00CONNECTIONS_EPG2017-05-02 04:45:002017-05-02 04:45:00DROPDOWN_EPGRADIUSACC_EPG2017-05-02 04:45:002017-05-02 04:45:00SMP8_EPGRADIUS_EPG2017-05-02 04:45:00RADIUS_GGSN2017-05-02 04:45:00DROPDOWN_GGSN2017-05-02 04:45:00SMP9_EPGSuccess ; 02/05/2017 05:00:01
Success ; 02/05/2017 05:00:01
Success ; 02/05/2017 05:00:01
2017-05-02 04:45:00DROPUP_EPG2017-05-02 04:45:00RADIUSACC_GGSN2017-05-02 04:45:00DROPUP_GGSNSuccess ; 02/05/2017 05:00:01
Success ; 02/05/2017 05:00:01
Success ; 02/05/2017 05:00:01
Success ; 02/05/2017 05:00:01
Success ; 02/05/2017 05:00:01
Success ; 02/05/2017 05:00:01
Success ; 02/05/2017 05:00:01
Success ; 02/05/2017 05:00:01
Success ; 02/05/2017 05:00:01
Success ; 02/05/2017 05:00:01
2017-05-02 04:45:00CONNECTIONS_GGSNSuccess ; 02/05/2017 05:00:04
              2017-05-03 04:45:00RADIUSACC_GGSN2017-05-03 04:45:00DROPDOWN_GGSN2017-05-03 04:45:00DROPUP_EPG2017-05-03 04:45:00SMP8_GGSN2017-05-03 04:45:00SMP9_GGSN2017-05-03 04:45:00DROPUP_GGSN2017-05-03 04:45:00RADIUS_EPG2017-05-03 04:45:00DROPDOWN_EPG2017-05-03 04:45:002017-05-03 04:45:00SMP9_EPGCONNECTIONS_EPG2017-05-03 04:45:00SMP8_EPGSuccess ; 03/05/2017 05:00:01
Success ; 03/05/2017 05:00:01
2017-05-03 04:45:00RADIUS_GGSN2017-05-03 04:45:00RADIUSACC_EPGSuccess ; 03/05/2017 05:00:01
2017-05-03 04:45:00CONNECTIONS_GGSNSuccess ; 03/05/2017 05:00:01
Success ; 03/05/2017 05:00:01
Success ; 03/05/2017 05:00:01
Success ; 03/05/2017 05:00:01
Success ; 03/05/2017 05:00:01
Success ; 03/05/2017 05:00:01
Success ; 03/05/2017 05:00:01
Success ; 03/05/2017 05:00:01
Success ; 03/05/2017 05:00:01
Success ; 03/05/2017 05:00:01
Success ; 03/05/2017 05:00:01
              2017-05-04 04:45:00DROPUP_EPG2017-05-04 04:45:00SMP8_EPG2017-05-04 04:45:00RADIUS_EPG2017-05-04 04:45:00DROPDOWN_GGSN2017-05-04 04:45:00SMP9_GGSN2017-05-04 04:45:00SMP8_GGSN2017-05-04 04:45:00DROPDOWN_EPG2017-05-04 04:45:00DROPUP_GGSN2017-05-04 04:45:00SMP9_EPG2017-05-04 04:45:00CONNECTIONS_GGSN2017-05-04 04:45:00RADIUSACC_EPG2017-05-04 04:45:00CONNECTIONS_EPGSuccess ; 04/05/2017 05:00:01
Success ; 04/05/2017 05:00:01
Success ; 04/05/2017 05:00:01
Success ; 04/05/2017 05:00:01
Success ; 04/05/2017 05:00:01
Success ; 04/05/2017 05:00:01
Success ; 04/05/2017 05:00:01
Success ; 04/05/2017 05:00:01
Success ; 04/05/2017 05:00:01
Success ; 04/05/2017 05:00:01
Success ; 04/05/2017 05:00:01
Success ; 04/05/2017 05:00:01
2017-05-04 04:45:002017-05-04 04:45:00RADIUS_GGSNRADIUSACC_GGSNSuccess ; 04/05/2017 05:00:04
Success ; 04/05/2017 05:00:04
              2017-05-05 04:45:00RADIUSACC_EPG2017-05-05 04:45:00DROPDOWN_EPG2017-05-05 04:45:00SMP9_EPG2017-05-05 04:45:00CONNECTIONS_EPG2017-05-05 04:45:00RADIUSACC_GGSN2017-05-05 04:45:00DROPUP_EPG2017-05-05 04:45:002017-05-05 04:45:00SMP8_EPGRADIUS_GGSN2017-05-05 04:45:00DROPDOWN_GGSN2017-05-05 04:45:00SMP9_GGSN2017-05-05 04:45:00RADIUS_EPG2017-05-05 04:45:002017-05-05 04:45:00CONNECTIONS_GGSNDROPUP_GGSNSuccess ; 05/05/2017 05:00:01
Success ; 05/05/2017 05:00:01
Success ; 05/05/2017 05:00:01
Success ; 05/05/2017 05:00:01
Success ; 05/05/2017 05:00:01
Success ; 05/05/2017 05:00:01
Success ; 05/05/2017 05:00:01
Success ; 05/05/2017 05:00:01
Success ; 05/05/2017 05:00:01
Success ; 05/05/2017 05:00:01
Success ; 05/05/2017 05:00:01
Success ; 05/05/2017 05:00:01
Success ; 05/05/2017 05:00:01
2017-05-05 04:45:00SMP8_GGSNSuccess ; 05/05/2017 05:00:04
              2017-05-06 04:45:00SMP8_GGSN2017-05-06 04:45:00DROPUP_GGSN2017-05-06 04:45:00SMP8_EPG2017-05-06 04:45:00RADIUS_EPG2017-05-06 04:45:00CONNECTIONS_EPG2017-05-06 04:45:00SMP9_EPG2017-05-06 04:45:00DROPDOWN_GGSN2017-05-06 04:45:00RADIUS_GGSN2017-05-06 04:45:00RADIUSACC_GGSN2017-05-06 04:45:00RADIUSACC_EPG2017-05-06 04:45:00CONNECTIONS_GGSN2017-05-06 04:45:00DROPUP_EPG2017-05-06 04:45:00SMP9_GGSN2017-05-06 04:45:00DROPDOWN_EPGSuccess ; 06/05/2017 05:00:01
Success ; 06/05/2017 05:00:01
Success ; 06/05/2017 05:00:01
Success ; 06/05/2017 05:00:02
Success ; 06/05/2017 05:00:02
Success ; 06/05/2017 05:00:02
Success ; 06/05/2017 05:00:02
Success ; 06/05/2017 05:00:02
Success ; 06/05/2017 05:00:02Success ; 06/05/2017 05:00:02

Success ; 06/05/2017 05:00:02
Success ; 06/05/2017 05:00:02
Success ; 06/05/2017 05:00:02
Success ; 06/05/2017 05:00:02
              2017-05-07 04:45:002017-05-07 04:45:00DROPDOWN_EPGCONNECTIONS_GGSN2017-05-07 04:45:00SMP8_EPG2017-05-07 04:45:002017-05-07 04:45:00SMP9_GGSNDROPUP_GGSN2017-05-07 04:45:002017-05-07 04:45:00RADIUSACC_EPG2017-05-07 04:45:00RADIUS_EPGRADIUS_GGSN2017-05-07 04:45:00CONNECTIONS_EPG2017-05-07 04:45:002017-05-07 04:45:002017-05-07 04:45:00DROPUP_EPG2017-05-07 04:45:002017-05-07 04:45:00DROPDOWN_GGSNSMP8_GGSNSMP9_EPGRADIUSACC_GGSNSuccess ; 07/05/2017 05:00:02
Success ; 07/05/2017 05:00:02
Success ; 07/05/2017 05:00:02
Success ; 07/05/2017 05:00:02
Success ; 07/05/2017 05:00:02
Success ; 07/05/2017 05:00:02
Success ; 07/05/2017 05:00:02
Success ; 07/05/2017 05:00:02
Success ; 07/05/2017 05:00:02
Success ; 07/05/2017 05:00:02
Success ; 07/05/2017 05:00:02
Success ; 07/05/2017 05:00:02
Success ; 07/05/2017 05:00:02
Success ; 07/05/2017 05:00:02
              2017-05-08 04:45:00CONNECTIONS_GGSN2017-05-08 04:45:00RADIUSACC_EPG2017-05-08 04:45:00RADIUSACC_GGSN2017-05-08 04:45:00DROPUP_EPG2017-05-08 04:45:00SMP8_GGSN2017-05-08 04:45:002017-05-08 04:45:00RADIUS_EPGSMP8_EPG2017-05-08 04:45:00CONNECTIONS_EPG2017-05-08 04:45:00DROPUP_GGSN2017-05-08 04:45:00RADIUS_GGSN2017-05-08 04:45:002017-05-08 04:45:00SMP9_GGSN2017-05-08 04:45:00DROPDOWN_GGSNDROPDOWN_EPGSuccess ; 08/05/2017 05:00:01
2017-05-08 04:45:00SMP9_EPGSuccess ; 08/05/2017 05:00:01
Success ; 08/05/2017 05:00:01
Success ; 08/05/2017 05:00:01
Success ; 08/05/2017 05:00:01
Success ; 08/05/2017 05:00:01
Success ; 08/05/2017 05:00:01
Success ; 08/05/2017 05:00:01
Success ; 08/05/2017 05:00:01
Success ; 08/05/2017 05:00:01
Success ; 08/05/2017 05:00:01
Success ; 08/05/2017 05:00:01
Success ; 08/05/2017 05:00:01
Success ; 08/05/2017 05:00:01
              2017-05-09 04:45:00RADIUS_EPG2017-05-09 04:45:00RADIUS_GGSN2017-05-09 04:45:00SMP8_EPG2017-05-09 04:45:002017-05-09 04:45:00DROPDOWN_GGSNRADIUSACC_GGSN2017-05-09 04:45:00SMP9_GGSN2017-05-09 04:45:002017-05-09 04:45:00CONNECTIONS_GGSNSMP9_EPG2017-05-09 04:45:00DROPUP_EPG2017-05-09 04:45:00DROPDOWN_EPG2017-05-09 04:45:00RADIUSACC_EPG2017-05-09 04:45:00SMP8_GGSN2017-05-09 04:45:00DROPUP_GGSN2017-05-09 04:45:00CONNECTIONS_EPGSuccess ; 09/05/2017 05:00:02
Success ; 09/05/2017 05:00:02
Success ; 09/05/2017 05:00:02
Success ; 09/05/2017 05:00:02
Success ; 09/05/2017 05:00:02
Success ; 09/05/2017 05:00:02
Success ; 09/05/2017 05:00:02
Success ; 09/05/2017 05:00:02
Success ; 09/05/2017 05:00:02
Success ; 09/05/2017 05:00:02
Success ; 09/05/2017 05:00:02
Success ; 09/05/2017 05:00:02
Success ; 09/05/2017 05:00:02
Success ; 09/05/2017 05:00:02
